2022-01-02 19:07:10,806 - __main__ - INFO - starting setup
2022-01-02 19:07:10,813 - __main__ - INFO - Logging in...
2022-01-02 19:07:10,814 - __main__ - INFO - initializing praw
2022-01-02 19:07:10,815 - prawcore - DEBUG - Fetching: GET https://oauth.reddit.com/api/v1/me
2022-01-02 19:07:10,815 - prawcore - DEBUG - Data: None
2022-01-02 19:07:10,815 - prawcore - DEBUG - Params: {'raw_json': 1}
2022-01-02 19:07:10,818 - urllib3.connectionpool - DEBUG - Starting new HTTPS connection (1): www.reddit.com:443
2022-01-02 19:07:11,467 - urllib3.connectionpool - DEBUG - https://www.reddit.com:443 "POST /api/v1/access_token HTTP/1.1" 200 122
2022-01-02 19:07:11,472 - urllib3.connectionpool - DEBUG - Starting new HTTPS connection (1): oauth.reddit.com:443
2022-01-02 19:07:11,757 - urllib3.connectionpool - DEBUG - https://oauth.reddit.com:443 "GET /api/v1/me?raw_json=1 HTTP/1.1" 200 1580
2022-01-02 19:07:11,758 - prawcore - DEBUG - Response: 200 (1580 bytes)
2022-01-02 19:07:11,760 - __main__ - INFO - praw initialized
2022-01-02 19:07:11,760 - __main__ - INFO - Logged in as Encodation
2022-01-02 19:07:11,760 - __main__ - INFO - 0 unsubscribed users
2022-01-02 19:07:11,760 - prawcore - DEBUG - Fetching: GET https://oauth.reddit.com/message/unread/
2022-01-02 19:07:11,760 - prawcore - DEBUG - Data: None
2022-01-02 19:07:11,760 - prawcore - DEBUG - Params: {'before': None, 'mark': False, 'limit': 100, 'raw_json': 1}
2022-01-02 19:07:11,850 - urllib3.connectionpool - DEBUG - https://oauth.reddit.com:443 "GET /message/unread/?mark=False&limit=100&raw_json=1 HTTP/1.1" 200 122
2022-01-02 19:07:11,851 - prawcore - DEBUG - Response: 200 (122 bytes)
2022-01-02 19:07:12,860 - prawcore - DEBUG - Fetching: GET https://oauth.reddit.com/message/unread/
2022-01-02 19:07:12,860 - prawcore - DEBUG - Data: None
2022-01-02 19:07:12,860 - prawcore - DEBUG - Params: {'before': None, 'mark': False, 'limit': 99, 'raw_json': 1}
2022-01-02 19:07:12,953 - urllib3.connectionpool - DEBUG - https://oauth.reddit.com:443 "GET /message/unread/?mark=False&limit=99&raw_json=1 HTTP/1.1" 200 122
2022-01-02 19:07:12,954 - prawcore - DEBUG - Response: 200 (122 bytes)
2022-01-02 19:07:14,996 - prawcore - DEBUG - Fetching: GET https://oauth.reddit.com/message/unread/
2022-01-02 19:07:14,996 - prawcore - DEBUG - Data: None
2022-01-02 19:07:14,997 - prawcore - DEBUG - Params: {'before': None, 'mark': False, 'limit': 98, 'raw_json': 1}
2022-01-02 19:07:15,082 - urllib3.connectionpool - DEBUG - https://oauth.reddit.com:443 "GET /message/unread/?mark=False&limit=98&raw_json=1 HTTP/1.1" 200 122
2022-01-02 19:07:15,082 - prawcore - DEBUG - Response: 200 (122 bytes)
2022-01-02 19:07:19,097 - prawcore - DEBUG - Fetching: GET https://oauth.reddit.com/message/unread/
2022-01-02 19:07:19,097 - prawcore - DEBUG - Data: None
2022-01-02 19:07:19,097 - prawcore - DEBUG - Params: {'before': None, 'mark': False, 'limit': 97, 'raw_json': 1}
2022-01-02 19:07:19,195 - urllib3.connectionpool - DEBUG - https://oauth.reddit.com:443 "GET /message/unread/?mark=False&limit=97&raw_json=1 HTTP/1.1" 200 122
2022-01-02 19:07:19,196 - prawcore - DEBUG - Response: 200 (122 bytes)
2022-01-02 19:07:27,082 - prawcore - DEBUG - Fetching: GET https://oauth.reddit.com/message/unread/
2022-01-02 19:07:27,082 - prawcore - DEBUG - Data: None
2022-01-02 19:07:27,082 - prawcore - DEBUG - Params: {'before': None, 'mark': False, 'limit': 96, 'raw_json': 1}
2022-01-02 19:07:27,186 - urllib3.connectionpool - DEBUG - https://oauth.reddit.com:443 "GET /message/unread/?mark=False&limit=96&raw_json=1 HTTP/1.1" 200 504
2022-01-02 19:07:27,187 - prawcore - DEBUG - Response: 200 (504 bytes)
2022-01-02 19:07:27,187 - prawcore - DEBUG - Fetching: GET https://oauth.reddit.com/message/unread/
2022-01-02 19:07:27,187 - prawcore - DEBUG - Data: None
2022-01-02 19:07:27,188 - prawcore - DEBUG - Params: {'mark': False, 'limit': 100, 'raw_json': 1}
2022-01-02 19:07:27,295 - urllib3.connectionpool - DEBUG - https://oauth.reddit.com:443 "GET /message/unread/?mark=False&limit=100&raw_json=1 HTTP/1.1" 200 504
2022-01-02 19:07:27,296 - prawcore - DEBUG - Response: 200 (504 bytes)
2022-01-02 19:07:27,297 - __main__ - INFO - Found Mention in r/bottesting (id:hr06eat)
	"test again u/Encodation"
2022-01-02 19:07:27,297 - prawcore - DEBUG - Fetching: POST https://oauth.reddit.com/api/comment/
2022-01-02 19:07:27,297 - prawcore - DEBUG - Data: [('api_type', 'json'), ('text', 'hello, JakeWasChosen\n\n___\n\n ^(I am a bot. Message) u/JakeWasChosen ^(if I am being stupid.) ^(If not Please consider) [^(Buying my creator a coffee.)](https://www.buymeacoffee.com/edoc) ^(We also have a) [^(Discord Server)](https://discord.gg/6EFAqm5aSG)^(,) ^(Come check it out) ^[Unsubscribe](https://www.reddit.com/message/compose/?to=Encodation&subject=unsubscribe&message=unsubscribe)'), ('thing_id', 't1_hr06eat')]
2022-01-02 19:07:27,297 - prawcore - DEBUG - Params: {'raw_json': 1}
2022-01-02 19:07:29,236 - urllib3.connectionpool - DEBUG - https://oauth.reddit.com:443 "POST /api/comment/?raw_json=1 HTTP/1.1" 200 1153
2022-01-02 19:07:29,237 - prawcore - DEBUG - Response: 200 (1153 bytes)
2022-01-02 19:07:29,238 - prawcore - DEBUG - Fetching: POST https://oauth.reddit.com/api/read_message/
2022-01-02 19:07:29,238 - prawcore - DEBUG - Data: [('api_type', 'json'), ('id', 't1_hr06eat')]
2022-01-02 19:07:29,238 - prawcore - DEBUG - Params: {'raw_json': 1}
2022-01-02 19:07:29,336 - urllib3.connectionpool - DEBUG - https://oauth.reddit.com:443 "POST /api/read_message/?raw_json=1 HTTP/1.1" 200 2
2022-01-02 19:07:29,337 - prawcore - DEBUG - Response: 200 (2 bytes)
2022-01-02 19:07:29,337 - prawcore - DEBUG - Fetching: GET https://oauth.reddit.com/message/unread/
2022-01-02 19:07:29,337 - prawcore - DEBUG - Data: None
2022-01-02 19:07:29,338 - prawcore - DEBUG - Params: {'before': 't1_hr06eat', 'mark': False, 'limit': 100, 'raw_json': 1}
2022-01-02 19:07:30,522 - urllib3.connectionpool - DEBUG - https://oauth.reddit.com:443 "GET /message/unread/?before=t1_hr06eat&mark=False&limit=100&raw_json=1 HTTP/1.1" 200 122
2022-01-02 19:07:30,523 - prawcore - DEBUG - Response: 200 (122 bytes)
2022-01-02 19:07:31,558 - prawcore - DEBUG - Fetching: GET https://oauth.reddit.com/message/unread/
2022-01-02 19:07:31,558 - prawcore - DEBUG - Data: None
2022-01-02 19:07:31,558 - prawcore - DEBUG - Params: {'before': None, 'mark': False, 'limit': 95, 'raw_json': 1}
2022-01-02 19:07:31,702 - urllib3.connectionpool - DEBUG - https://oauth.reddit.com:443 "GET /message/unread/?mark=False&limit=95&raw_json=1 HTTP/1.1" 200 122
2022-01-02 19:07:31,702 - prawcore - DEBUG - Response: 200 (122 bytes)
2022-01-02 19:07:33,658 - prawcore - DEBUG - Fetching: GET https://oauth.reddit.com/message/unread/
2022-01-02 19:07:33,659 - prawcore - DEBUG - Data: None
2022-01-02 19:07:33,659 - prawcore - DEBUG - Params: {'before': None, 'mark': False, 'limit': 94, 'raw_json': 1}
2022-01-02 19:07:33,768 - urllib3.connectionpool - DEBUG - https://oauth.reddit.com:443 "GET /message/unread/?mark=False&limit=94&raw_json=1 HTTP/1.1" 200 122
2022-01-02 19:07:33,768 - prawcore - DEBUG - Response: 200 (122 bytes)
2022-01-02 19:07:37,791 - prawcore - DEBUG - Fetching: GET https://oauth.reddit.com/message/unread/
2022-01-02 19:07:37,791 - prawcore - DEBUG - Data: None
2022-01-02 19:07:37,791 - prawcore - DEBUG - Params: {'before': None, 'mark': False, 'limit': 93, 'raw_json': 1}
2022-01-02 19:07:37,872 - urllib3.connectionpool - DEBUG - https://oauth.reddit.com:443 "GET /message/unread/?mark=False&limit=93&raw_json=1 HTTP/1.1" 200 122
2022-01-02 19:07:37,873 - prawcore - DEBUG - Response: 200 (122 bytes)
2022-01-02 19:07:46,112 - prawcore - DEBUG - Fetching: GET https://oauth.reddit.com/message/unread/
2022-01-02 19:07:46,112 - prawcore - DEBUG - Data: None
2022-01-02 19:07:46,112 - prawcore - DEBUG - Params: {'before': None, 'mark': False, 'limit': 92, 'raw_json': 1}
2022-01-02 19:07:46,193 - urllib3.connectionpool - DEBUG - https://oauth.reddit.com:443 "GET /message/unread/?mark=False&limit=92&raw_json=1 HTTP/1.1" 200 122
2022-01-02 19:07:46,194 - prawcore - DEBUG - Response: 200 (122 bytes)
2022-01-02 19:08:01,713 - prawcore - DEBUG - Fetching: GET https://oauth.reddit.com/message/unread/
2022-01-02 19:08:01,713 - prawcore - DEBUG - Data: None
2022-01-02 19:08:01,713 - prawcore - DEBUG - Params: {'before': None, 'mark': False, 'limit': 91, 'raw_json': 1}
2022-01-02 19:08:01,811 - urllib3.connectionpool - DEBUG - https://oauth.reddit.com:443 "GET /message/unread/?mark=False&limit=91&raw_json=1 HTTP/1.1" 200 122
2022-01-02 19:08:01,812 - prawcore - DEBUG - Response: 200 (122 bytes)
2022-01-02 19:08:17,455 - prawcore - DEBUG - Fetching: GET https://oauth.reddit.com/message/unread/
2022-01-02 19:08:17,455 - prawcore - DEBUG - Data: None
2022-01-02 19:08:17,455 - prawcore - DEBUG - Params: {'before': None, 'mark': False, 'limit': 90, 'raw_json': 1}
2022-01-02 19:08:17,550 - urllib3.connectionpool - DEBUG - https://oauth.reddit.com:443 "GET /message/unread/?mark=False&limit=90&raw_json=1 HTTP/1.1" 200 122
2022-01-02 19:08:17,551 - prawcore - DEBUG - Response: 200 (122 bytes)
2022-01-02 19:08:33,172 - prawcore - DEBUG - Fetching: GET https://oauth.reddit.com/message/unread/
2022-01-02 19:08:33,172 - prawcore - DEBUG - Data: None
2022-01-02 19:08:33,172 - prawcore - DEBUG - Params: {'before': None, 'mark': False, 'limit': 89, 'raw_json': 1}
2022-01-02 19:08:33,265 - urllib3.connectionpool - DEBUG - https://oauth.reddit.com:443 "GET /message/unread/?mark=False&limit=89&raw_json=1 HTTP/1.1" 200 122
2022-01-02 19:08:33,266 - prawcore - DEBUG - Response: 200 (122 bytes)
2022-01-02 19:08:48,798 - prawcore - DEBUG - Fetching: GET https://oauth.reddit.com/message/unread/
2022-01-02 19:08:48,798 - prawcore - DEBUG - Data: None
2022-01-02 19:08:48,798 - prawcore - DEBUG - Params: {'before': None, 'mark': False, 'limit': 88, 'raw_json': 1}
2022-01-02 19:08:48,883 - urllib3.connectionpool - DEBUG - https://oauth.reddit.com:443 "GET /message/unread/?mark=False&limit=88&raw_json=1 HTTP/1.1" 200 122
2022-01-02 19:08:48,884 - prawcore - DEBUG - Response: 200 (122 bytes)
2022-01-02 19:09:04,550 - prawcore - DEBUG - Fetching: GET https://oauth.reddit.com/message/unread/
2022-01-02 19:09:04,550 - prawcore - DEBUG - Data: None
2022-01-02 19:09:04,550 - prawcore - DEBUG - Params: {'before': None, 'mark': False, 'limit': 87, 'raw_json': 1}
2022-01-02 19:09:04,636 - urllib3.connectionpool - DEBUG - https://oauth.reddit.com:443 "GET /message/unread/?mark=False&limit=87&raw_json=1 HTTP/1.1" 200 122
2022-01-02 19:09:04,637 - prawcore - DEBUG - Response: 200 (122 bytes)
2022-01-02 19:09:20,892 - prawcore - DEBUG - Fetching: GET https://oauth.reddit.com/message/unread/
2022-01-02 19:09:20,892 - prawcore - DEBUG - Data: None
2022-01-02 19:09:20,892 - prawcore - DEBUG - Params: {'before': None, 'mark': False, 'limit': 86, 'raw_json': 1}
2022-01-02 19:09:20,976 - urllib3.connectionpool - DEBUG - https://oauth.reddit.com:443 "GET /message/unread/?mark=False&limit=86&raw_json=1 HTTP/1.1" 200 122
2022-01-02 19:09:20,976 - prawcore - DEBUG - Response: 200 (122 bytes)
2022-01-02 19:09:36,571 - prawcore - DEBUG - Fetching: GET https://oauth.reddit.com/message/unread/
2022-01-02 19:09:36,571 - prawcore - DEBUG - Data: None
2022-01-02 19:09:36,571 - prawcore - DEBUG - Params: {'before': None, 'mark': False, 'limit': 85, 'raw_json': 1}
2022-01-02 19:09:36,656 - urllib3.connectionpool - DEBUG - https://oauth.reddit.com:443 "GET /message/unread/?mark=False&limit=85&raw_json=1 HTTP/1.1" 200 122
2022-01-02 19:09:36,657 - prawcore - DEBUG - Response: 200 (122 bytes)
2022-01-02 19:09:52,854 - prawcore - DEBUG - Fetching: GET https://oauth.reddit.com/message/unread/
2022-01-02 19:09:52,854 - prawcore - DEBUG - Data: None
2022-01-02 19:09:52,854 - prawcore - DEBUG - Params: {'before': None, 'mark': False, 'limit': 84, 'raw_json': 1}
2022-01-02 19:09:52,973 - urllib3.connectionpool - DEBUG - https://oauth.reddit.com:443 "GET /message/unread/?mark=False&limit=84&raw_json=1 HTTP/1.1" 200 122
2022-01-02 19:09:52,974 - prawcore - DEBUG - Response: 200 (122 bytes)
2022-01-02 19:10:09,246 - prawcore - DEBUG - Fetching: GET https://oauth.reddit.com/message/unread/
2022-01-02 19:10:09,246 - prawcore - DEBUG - Data: None
2022-01-02 19:10:09,246 - prawcore - DEBUG - Params: {'before': None, 'mark': False, 'limit': 83, 'raw_json': 1}
2022-01-02 19:10:09,328 - urllib3.connectionpool - DEBUG - https://oauth.reddit.com:443 "GET /message/unread/?mark=False&limit=83&raw_json=1 HTTP/1.1" 200 122
2022-01-02 19:10:09,328 - prawcore - DEBUG - Response: 200 (122 bytes)
2022-01-02 19:10:24,922 - prawcore - DEBUG - Fetching: GET https://oauth.reddit.com/message/unread/
2022-01-02 19:10:24,922 - prawcore - DEBUG - Data: None
2022-01-02 19:10:24,922 - prawcore - DEBUG - Params: {'before': None, 'mark': False, 'limit': 82, 'raw_json': 1}
2022-01-02 19:10:25,038 - urllib3.connectionpool - DEBUG - https://oauth.reddit.com:443 "GET /message/unread/?mark=False&limit=82&raw_json=1 HTTP/1.1" 200 122
2022-01-02 19:10:25,039 - prawcore - DEBUG - Response: 200 (122 bytes)
2022-01-02 19:10:40,735 - prawcore - DEBUG - Fetching: GET https://oauth.reddit.com/message/unread/
2022-01-02 19:10:40,735 - prawcore - DEBUG - Data: None
2022-01-02 19:10:40,736 - prawcore - DEBUG - Params: {'before': None, 'mark': False, 'limit': 81, 'raw_json': 1}
2022-01-02 19:10:40,829 - urllib3.connectionpool - DEBUG - https://oauth.reddit.com:443 "GET /message/unread/?mark=False&limit=81&raw_json=1 HTTP/1.1" 200 122
2022-01-02 19:10:40,830 - prawcore - DEBUG - Response: 200 (122 bytes)
2022-01-02 19:10:56,491 - prawcore - DEBUG - Fetching: GET https://oauth.reddit.com/message/unread/
2022-01-02 19:10:56,491 - prawcore - DEBUG - Data: None
2022-01-02 19:10:56,491 - prawcore - DEBUG - Params: {'before': None, 'mark': False, 'limit': 80, 'raw_json': 1}
2022-01-02 19:10:56,659 - urllib3.connectionpool - DEBUG - https://oauth.reddit.com:443 "GET /message/unread/?mark=False&limit=80&raw_json=1 HTTP/1.1" 200 122
2022-01-02 19:10:56,659 - prawcore - DEBUG - Response: 200 (122 bytes)
2022-01-02 19:11:13,091 - prawcore - DEBUG - Fetching: GET https://oauth.reddit.com/message/unread/
2022-01-02 19:11:13,091 - prawcore - DEBUG - Data: None
2022-01-02 19:11:13,091 - prawcore - DEBUG - Params: {'before': None, 'mark': False, 'limit': 79, 'raw_json': 1}
2022-01-02 19:11:13,186 - urllib3.connectionpool - DEBUG - https://oauth.reddit.com:443 "GET /message/unread/?mark=False&limit=79&raw_json=1 HTTP/1.1" 200 122
2022-01-02 19:11:13,186 - prawcore - DEBUG - Response: 200 (122 bytes)
2022-01-02 19:11:28,771 - prawcore - DEBUG - Fetching: GET https://oauth.reddit.com/message/unread/
2022-01-02 19:11:28,771 - prawcore - DEBUG - Data: None
2022-01-02 19:11:28,771 - prawcore - DEBUG - Params: {'before': None, 'mark': False, 'limit': 78, 'raw_json': 1}
2022-01-02 19:11:28,856 - urllib3.connectionpool - DEBUG - https://oauth.reddit.com:443 "GET /message/unread/?mark=False&limit=78&raw_json=1 HTTP/1.1" 200 122
2022-01-02 19:11:28,857 - prawcore - DEBUG - Response: 200 (122 bytes)
2022-01-02 19:11:44,561 - prawcore - DEBUG - Fetching: GET https://oauth.reddit.com/message/unread/
2022-01-02 19:11:44,561 - prawcore - DEBUG - Data: None
2022-01-02 19:11:44,561 - prawcore - DEBUG - Params: {'before': None, 'mark': False, 'limit': 77, 'raw_json': 1}
2022-01-02 19:11:44,659 - urllib3.connectionpool - DEBUG - https://oauth.reddit.com:443 "GET /message/unread/?mark=False&limit=77&raw_json=1 HTTP/1.1" 200 122
2022-01-02 19:11:44,659 - prawcore - DEBUG - Response: 200 (122 bytes)
2022-01-02 19:12:00,858 - prawcore - DEBUG - Fetching: GET https://oauth.reddit.com/message/unread/
2022-01-02 19:12:00,858 - prawcore - DEBUG - Data: None
2022-01-02 19:12:00,858 - prawcore - DEBUG - Params: {'before': None, 'mark': False, 'limit': 76, 'raw_json': 1}
2022-01-02 19:12:00,938 - urllib3.connectionpool - DEBUG - https://oauth.reddit.com:443 "GET /message/unread/?mark=False&limit=76&raw_json=1 HTTP/1.1" 200 122
2022-01-02 19:12:00,939 - prawcore - DEBUG - Response: 200 (122 bytes)
2022-01-02 19:12:16,959 - prawcore - DEBUG - Fetching: GET https://oauth.reddit.com/message/unread/
2022-01-02 19:12:16,959 - prawcore - DEBUG - Data: None
2022-01-02 19:12:16,959 - prawcore - DEBUG - Params: {'before': None, 'mark': False, 'limit': 75, 'raw_json': 1}
2022-01-02 19:12:17,064 - urllib3.connectionpool - DEBUG - https://oauth.reddit.com:443 "GET /message/unread/?mark=False&limit=75&raw_json=1 HTTP/1.1" 200 122
2022-01-02 19:12:17,065 - prawcore - DEBUG - Response: 200 (122 bytes)
2022-01-02 19:12:32,708 - prawcore - DEBUG - Fetching: GET https://oauth.reddit.com/message/unread/
2022-01-02 19:12:32,708 - prawcore - DEBUG - Data: None
2022-01-02 19:12:32,708 - prawcore - DEBUG - Params: {'before': None, 'mark': False, 'limit': 74, 'raw_json': 1}
2022-01-02 19:12:32,800 - urllib3.connectionpool - DEBUG - https://oauth.reddit.com:443 "GET /message/unread/?mark=False&limit=74&raw_json=1 HTTP/1.1" 200 122
2022-01-02 19:12:32,800 - prawcore - DEBUG - Response: 200 (122 bytes)
2022-01-02 19:12:49,061 - prawcore - DEBUG - Fetching: GET https://oauth.reddit.com/message/unread/
2022-01-02 19:12:49,061 - prawcore - DEBUG - Data: None
2022-01-02 19:12:49,061 - prawcore - DEBUG - Params: {'before': None, 'mark': False, 'limit': 73, 'raw_json': 1}
2022-01-02 19:12:49,154 - urllib3.connectionpool - DEBUG - https://oauth.reddit.com:443 "GET /message/unread/?mark=False&limit=73&raw_json=1 HTTP/1.1" 200 122
2022-01-02 19:12:49,155 - prawcore - DEBUG - Response: 200 (122 bytes)
2022-01-02 19:13:05,386 - prawcore - DEBUG - Fetching: GET https://oauth.reddit.com/message/unread/
2022-01-02 19:13:05,386 - prawcore - DEBUG - Data: None
2022-01-02 19:13:05,386 - prawcore - DEBUG - Params: {'before': None, 'mark': False, 'limit': 72, 'raw_json': 1}
2022-01-02 19:13:05,510 - urllib3.connectionpool - DEBUG - https://oauth.reddit.com:443 "GET /message/unread/?mark=False&limit=72&raw_json=1 HTTP/1.1" 200 122
2022-01-02 19:13:05,511 - prawcore - DEBUG - Response: 200 (122 bytes)
2022-01-02 19:13:21,602 - prawcore - DEBUG - Fetching: GET https://oauth.reddit.com/message/unread/
2022-01-02 19:13:21,602 - prawcore - DEBUG - Data: None
2022-01-02 19:13:21,602 - prawcore - DEBUG - Params: {'before': None, 'mark': False, 'limit': 71, 'raw_json': 1}
2022-01-02 19:13:21,700 - urllib3.connectionpool - DEBUG - https://oauth.reddit.com:443 "GET /message/unread/?mark=False&limit=71&raw_json=1 HTTP/1.1" 200 122
2022-01-02 19:13:21,701 - prawcore - DEBUG - Response: 200 (122 bytes)
2022-01-02 19:13:38,189 - prawcore - DEBUG - Fetching: GET https://oauth.reddit.com/message/unread/
2022-01-02 19:13:38,189 - prawcore - DEBUG - Data: None
2022-01-02 19:13:38,189 - prawcore - DEBUG - Params: {'before': None, 'mark': False, 'limit': 100, 'raw_json': 1}
2022-01-02 19:13:38,330 - urllib3.connectionpool - DEBUG - https://oauth.reddit.com:443 "GET /message/unread/?mark=False&limit=100&raw_json=1 HTTP/1.1" 200 122
2022-01-02 19:13:38,330 - prawcore - DEBUG - Response: 200 (122 bytes)
2022-01-02 19:13:54,452 - prawcore - DEBUG - Fetching: GET https://oauth.reddit.com/message/unread/
2022-01-02 19:13:54,452 - prawcore - DEBUG - Data: None
2022-01-02 19:13:54,452 - prawcore - DEBUG - Params: {'before': None, 'mark': False, 'limit': 99, 'raw_json': 1}
2022-01-02 19:13:54,552 - urllib3.connectionpool - DEBUG - https://oauth.reddit.com:443 "GET /message/unread/?mark=False&limit=99&raw_json=1 HTTP/1.1" 200 122
2022-01-02 19:13:54,553 - prawcore - DEBUG - Response: 200 (122 bytes)
2022-01-02 19:14:10,071 - prawcore - DEBUG - Fetching: GET https://oauth.reddit.com/message/unread/
2022-01-02 19:14:10,071 - prawcore - DEBUG - Data: None
2022-01-02 19:14:10,071 - prawcore - DEBUG - Params: {'before': None, 'mark': False, 'limit': 98, 'raw_json': 1}
2022-01-02 19:14:10,159 - urllib3.connectionpool - DEBUG - https://oauth.reddit.com:443 "GET /message/unread/?mark=False&limit=98&raw_json=1 HTTP/1.1" 200 122
2022-01-02 19:14:10,160 - prawcore - DEBUG - Response: 200 (122 bytes)
2022-01-02 19:14:26,521 - prawcore - DEBUG - Fetching: GET https://oauth.reddit.com/message/unread/
2022-01-02 19:14:26,521 - prawcore - DEBUG - Data: None
2022-01-02 19:14:26,521 - prawcore - DEBUG - Params: {'before': None, 'mark': False, 'limit': 97, 'raw_json': 1}
2022-01-02 19:14:26,659 - urllib3.connectionpool - DEBUG - https://oauth.reddit.com:443 "GET /message/unread/?mark=False&limit=97&raw_json=1 HTTP/1.1" 200 122
2022-01-02 19:14:26,660 - prawcore - DEBUG - Response: 200 (122 bytes)
2022-01-02 19:14:43,109 - prawcore - DEBUG - Fetching: GET https://oauth.reddit.com/message/unread/
2022-01-02 19:14:43,110 - prawcore - DEBUG - Data: None
2022-01-02 19:14:43,110 - prawcore - DEBUG - Params: {'before': None, 'mark': False, 'limit': 96, 'raw_json': 1}
2022-01-02 19:14:43,194 - urllib3.connectionpool - DEBUG - https://oauth.reddit.com:443 "GET /message/unread/?mark=False&limit=96&raw_json=1 HTTP/1.1" 200 122
2022-01-02 19:14:43,195 - prawcore - DEBUG - Response: 200 (122 bytes)
2022-01-02 19:14:59,014 - prawcore - DEBUG - Fetching: GET https://oauth.reddit.com/message/unread/
2022-01-02 19:14:59,014 - prawcore - DEBUG - Data: None
2022-01-02 19:14:59,014 - prawcore - DEBUG - Params: {'before': None, 'mark': False, 'limit': 95, 'raw_json': 1}
2022-01-02 19:14:59,105 - urllib3.connectionpool - DEBUG - https://oauth.reddit.com:443 "GET /message/unread/?mark=False&limit=95&raw_json=1 HTTP/1.1" 200 122
2022-01-02 19:14:59,106 - prawcore - DEBUG - Response: 200 (122 bytes)
2022-01-02 19:15:15,554 - prawcore - DEBUG - Fetching: GET https://oauth.reddit.com/message/unread/
2022-01-02 19:15:15,554 - prawcore - DEBUG - Data: None
2022-01-02 19:15:15,554 - prawcore - DEBUG - Params: {'before': None, 'mark': False, 'limit': 94, 'raw_json': 1}
2022-01-02 19:15:15,658 - urllib3.connectionpool - DEBUG - https://oauth.reddit.com:443 "GET /message/unread/?mark=False&limit=94&raw_json=1 HTTP/1.1" 200 122
2022-01-02 19:15:15,659 - prawcore - DEBUG - Response: 200 (122 bytes)
2022-01-02 19:15:31,909 - prawcore - DEBUG - Fetching: GET https://oauth.reddit.com/message/unread/
2022-01-02 19:15:31,909 - prawcore - DEBUG - Data: None
2022-01-02 19:15:31,909 - prawcore - DEBUG - Params: {'before': None, 'mark': False, 'limit': 93, 'raw_json': 1}
2022-01-02 19:15:31,999 - urllib3.connectionpool - DEBUG - https://oauth.reddit.com:443 "GET /message/unread/?mark=False&limit=93&raw_json=1 HTTP/1.1" 200 122
2022-01-02 19:15:31,999 - prawcore - DEBUG - Response: 200 (122 bytes)
2022-01-02 19:15:47,834 - prawcore - DEBUG - Fetching: GET https://oauth.reddit.com/message/unread/
2022-01-02 19:15:47,835 - prawcore - DEBUG - Data: None
2022-01-02 19:15:47,835 - prawcore - DEBUG - Params: {'before': None, 'mark': False, 'limit': 92, 'raw_json': 1}
2022-01-02 19:15:47,948 - urllib3.connectionpool - DEBUG - https://oauth.reddit.com:443 "GET /message/unread/?mark=False&limit=92&raw_json=1 HTTP/1.1" 200 122
2022-01-02 19:15:47,949 - prawcore - DEBUG - Response: 200 (122 bytes)
2022-01-02 19:16:03,804 - prawcore - DEBUG - Fetching: GET https://oauth.reddit.com/message/unread/
2022-01-02 19:16:03,804 - prawcore - DEBUG - Data: None
2022-01-02 19:16:03,804 - prawcore - DEBUG - Params: {'before': None, 'mark': False, 'limit': 91, 'raw_json': 1}
2022-01-02 19:16:03,904 - urllib3.connectionpool - DEBUG - https://oauth.reddit.com:443 "GET /message/unread/?mark=False&limit=91&raw_json=1 HTTP/1.1" 200 122
2022-01-02 19:16:03,905 - prawcore - DEBUG - Response: 200 (122 bytes)
2022-01-02 19:16:19,446 - prawcore - DEBUG - Fetching: GET https://oauth.reddit.com/message/unread/
2022-01-02 19:16:19,446 - prawcore - DEBUG - Data: None
2022-01-02 19:16:19,446 - prawcore - DEBUG - Params: {'before': None, 'mark': False, 'limit': 90, 'raw_json': 1}
2022-01-02 19:16:19,621 - urllib3.connectionpool - DEBUG - https://oauth.reddit.com:443 "GET /message/unread/?mark=False&limit=90&raw_json=1 HTTP/1.1" 200 122
2022-01-02 19:16:19,622 - prawcore - DEBUG - Response: 200 (122 bytes)
2022-01-02 19:16:35,268 - prawcore - DEBUG - Fetching: GET https://oauth.reddit.com/message/unread/
2022-01-02 19:16:35,268 - prawcore - DEBUG - Data: None
2022-01-02 19:16:35,268 - prawcore - DEBUG - Params: {'before': None, 'mark': False, 'limit': 89, 'raw_json': 1}
2022-01-02 19:16:35,372 - urllib3.connectionpool - DEBUG - https://oauth.reddit.com:443 "GET /message/unread/?mark=False&limit=89&raw_json=1 HTTP/1.1" 200 122
2022-01-02 19:16:35,373 - prawcore - DEBUG - Response: 200 (122 bytes)
2022-01-02 19:16:51,861 - prawcore - DEBUG - Fetching: GET https://oauth.reddit.com/message/unread/
2022-01-02 19:16:51,861 - prawcore - DEBUG - Data: None
2022-01-02 19:16:51,861 - prawcore - DEBUG - Params: {'before': None, 'mark': False, 'limit': 88, 'raw_json': 1}
2022-01-02 19:16:51,942 - urllib3.connectionpool - DEBUG - https://oauth.reddit.com:443 "GET /message/unread/?mark=False&limit=88&raw_json=1 HTTP/1.1" 200 122
2022-01-02 19:16:51,943 - prawcore - DEBUG - Response: 200 (122 bytes)
2022-01-02 19:17:08,183 - prawcore - DEBUG - Fetching: GET https://oauth.reddit.com/message/unread/
2022-01-02 19:17:08,183 - prawcore - DEBUG - Data: None
2022-01-02 19:17:08,183 - prawcore - DEBUG - Params: {'before': None, 'mark': False, 'limit': 87, 'raw_json': 1}
2022-01-02 19:17:08,274 - urllib3.connectionpool - DEBUG - https://oauth.reddit.com:443 "GET /message/unread/?mark=False&limit=87&raw_json=1 HTTP/1.1" 200 122
2022-01-02 19:17:08,275 - prawcore - DEBUG - Response: 200 (122 bytes)
2022-01-02 19:17:23,941 - prawcore - DEBUG - Fetching: GET https://oauth.reddit.com/message/unread/
2022-01-02 19:17:23,941 - prawcore - DEBUG - Data: None
2022-01-02 19:17:23,941 - prawcore - DEBUG - Params: {'before': None, 'mark': False, 'limit': 86, 'raw_json': 1}
2022-01-02 19:17:24,024 - urllib3.connectionpool - DEBUG - https://oauth.reddit.com:443 "GET /message/unread/?mark=False&limit=86&raw_json=1 HTTP/1.1" 200 122
2022-01-02 19:17:24,025 - prawcore - DEBUG - Response: 200 (122 bytes)
2022-01-02 19:17:40,038 - prawcore - DEBUG - Fetching: GET https://oauth.reddit.com/message/unread/
2022-01-02 19:17:40,038 - prawcore - DEBUG - Data: None
2022-01-02 19:17:40,038 - prawcore - DEBUG - Params: {'before': None, 'mark': False, 'limit': 85, 'raw_json': 1}
2022-01-02 19:17:40,133 - urllib3.connectionpool - DEBUG - https://oauth.reddit.com:443 "GET /message/unread/?mark=False&limit=85&raw_json=1 HTTP/1.1" 200 122
2022-01-02 19:17:40,134 - prawcore - DEBUG - Response: 200 (122 bytes)
2022-01-02 19:17:56,284 - prawcore - DEBUG - Fetching: GET https://oauth.reddit.com/message/unread/
2022-01-02 19:17:56,284 - prawcore - DEBUG - Data: None
2022-01-02 19:17:56,284 - prawcore - DEBUG - Params: {'before': None, 'mark': False, 'limit': 84, 'raw_json': 1}
2022-01-02 19:17:56,439 - urllib3.connectionpool - DEBUG - https://oauth.reddit.com:443 "GET /message/unread/?mark=False&limit=84&raw_json=1 HTTP/1.1" 200 122
2022-01-02 19:17:56,440 - prawcore - DEBUG - Response: 200 (122 bytes)
2022-01-02 19:18:12,579 - prawcore - DEBUG - Fetching: GET https://oauth.reddit.com/message/unread/
2022-01-02 19:18:12,579 - prawcore - DEBUG - Data: None
2022-01-02 19:18:12,579 - prawcore - DEBUG - Params: {'before': None, 'mark': False, 'limit': 83, 'raw_json': 1}
2022-01-02 19:18:12,711 - urllib3.connectionpool - DEBUG - https://oauth.reddit.com:443 "GET /message/unread/?mark=False&limit=83&raw_json=1 HTTP/1.1" 200 122
2022-01-02 19:18:12,712 - prawcore - DEBUG - Response: 200 (122 bytes)
2022-01-02 19:18:28,382 - prawcore - DEBUG - Fetching: GET https://oauth.reddit.com/message/unread/
2022-01-02 19:18:28,382 - prawcore - DEBUG - Data: None
2022-01-02 19:18:28,382 - prawcore - DEBUG - Params: {'before': None, 'mark': False, 'limit': 82, 'raw_json': 1}
2022-01-02 19:18:28,458 - urllib3.connectionpool - DEBUG - https://oauth.reddit.com:443 "GET /message/unread/?mark=False&limit=82&raw_json=1 HTTP/1.1" 200 122
2022-01-02 19:18:28,459 - prawcore - DEBUG - Response: 200 (122 bytes)
2022-01-02 19:18:44,772 - prawcore - DEBUG - Fetching: GET https://oauth.reddit.com/message/unread/
2022-01-02 19:18:44,772 - prawcore - DEBUG - Data: None
2022-01-02 19:18:44,772 - prawcore - DEBUG - Params: {'before': None, 'mark': False, 'limit': 81, 'raw_json': 1}
2022-01-02 19:18:44,890 - urllib3.connectionpool - DEBUG - https://oauth.reddit.com:443 "GET /message/unread/?mark=False&limit=81&raw_json=1 HTTP/1.1" 200 122
2022-01-02 19:18:44,891 - prawcore - DEBUG - Response: 200 (122 bytes)
2022-01-02 19:19:00,512 - prawcore - DEBUG - Fetching: GET https://oauth.reddit.com/message/unread/
2022-01-02 19:19:00,512 - prawcore - DEBUG - Data: None
2022-01-02 19:19:00,512 - prawcore - DEBUG - Params: {'before': None, 'mark': False, 'limit': 80, 'raw_json': 1}
2022-01-02 19:19:00,600 - urllib3.connectionpool - DEBUG - https://oauth.reddit.com:443 "GET /message/unread/?mark=False&limit=80&raw_json=1 HTTP/1.1" 200 122
2022-01-02 19:19:00,600 - prawcore - DEBUG - Response: 200 (122 bytes)
2022-01-02 19:19:16,178 - prawcore - DEBUG - Fetching: GET https://oauth.reddit.com/message/unread/
2022-01-02 19:19:16,178 - prawcore - DEBUG - Data: None
2022-01-02 19:19:16,178 - prawcore - DEBUG - Params: {'before': None, 'mark': False, 'limit': 79, 'raw_json': 1}
2022-01-02 19:19:16,268 - urllib3.connectionpool - DEBUG - https://oauth.reddit.com:443 "GET /message/unread/?mark=False&limit=79&raw_json=1 HTTP/1.1" 200 122
2022-01-02 19:19:16,269 - prawcore - DEBUG - Response: 200 (122 bytes)
2022-01-02 19:19:32,169 - prawcore - DEBUG - Fetching: GET https://oauth.reddit.com/message/unread/
2022-01-02 19:19:32,169 - prawcore - DEBUG - Data: None
2022-01-02 19:19:32,169 - prawcore - DEBUG - Params: {'before': None, 'mark': False, 'limit': 78, 'raw_json': 1}
2022-01-02 19:19:32,297 - urllib3.connectionpool - DEBUG - https://oauth.reddit.com:443 "GET /message/unread/?mark=False&limit=78&raw_json=1 HTTP/1.1" 200 122
2022-01-02 19:19:32,297 - prawcore - DEBUG - Response: 200 (122 bytes)
2022-01-02 19:19:48,709 - prawcore - DEBUG - Fetching: GET https://oauth.reddit.com/message/unread/
2022-01-02 19:19:48,709 - prawcore - DEBUG - Data: None
2022-01-02 19:19:48,709 - prawcore - DEBUG - Params: {'before': None, 'mark': False, 'limit': 77, 'raw_json': 1}
2022-01-02 19:19:48,796 - urllib3.connectionpool - DEBUG - https://oauth.reddit.com:443 "GET /message/unread/?mark=False&limit=77&raw_json=1 HTTP/1.1" 200 122
2022-01-02 19:19:48,798 - prawcore - DEBUG - Response: 200 (122 bytes)
2022-01-02 19:20:04,519 - prawcore - DEBUG - Fetching: GET https://oauth.reddit.com/message/unread/
2022-01-02 19:20:04,519 - prawcore - DEBUG - Data: None
2022-01-02 19:20:04,519 - prawcore - DEBUG - Params: {'before': None, 'mark': False, 'limit': 76, 'raw_json': 1}
2022-01-02 19:20:04,641 - urllib3.connectionpool - DEBUG - https://oauth.reddit.com:443 "GET /message/unread/?mark=False&limit=76&raw_json=1 HTTP/1.1" 200 122
2022-01-02 19:20:04,642 - prawcore - DEBUG - Response: 200 (122 bytes)
2022-01-02 19:20:20,922 - prawcore - DEBUG - Fetching: GET https://oauth.reddit.com/message/unread/
2022-01-02 19:20:20,922 - prawcore - DEBUG - Data: None
2022-01-02 19:20:20,922 - prawcore - DEBUG - Params: {'before': None, 'mark': False, 'limit': 75, 'raw_json': 1}
2022-01-02 19:20:21,024 - urllib3.connectionpool - DEBUG - https://oauth.reddit.com:443 "GET /message/unread/?mark=False&limit=75&raw_json=1 HTTP/1.1" 200 122
2022-01-02 19:20:21,025 - prawcore - DEBUG - Response: 200 (122 bytes)
2022-01-02 19:20:37,007 - prawcore - DEBUG - Fetching: GET https://oauth.reddit.com/message/unread/
2022-01-02 19:20:37,007 - prawcore - DEBUG - Data: None
2022-01-02 19:20:37,007 - prawcore - DEBUG - Params: {'before': None, 'mark': False, 'limit': 74, 'raw_json': 1}
2022-01-02 19:20:37,096 - urllib3.connectionpool - DEBUG - https://oauth.reddit.com:443 "GET /message/unread/?mark=False&limit=74&raw_json=1 HTTP/1.1" 200 122
2022-01-02 19:20:37,097 - prawcore - DEBUG - Response: 200 (122 bytes)
2022-01-02 19:20:53,600 - prawcore - DEBUG - Fetching: GET https://oauth.reddit.com/message/unread/
2022-01-02 19:20:53,600 - prawcore - DEBUG - Data: None
2022-01-02 19:20:53,600 - prawcore - DEBUG - Params: {'before': None, 'mark': False, 'limit': 73, 'raw_json': 1}
2022-01-02 19:20:53,693 - urllib3.connectionpool - DEBUG - https://oauth.reddit.com:443 "GET /message/unread/?mark=False&limit=73&raw_json=1 HTTP/1.1" 200 122
2022-01-02 19:20:53,694 - prawcore - DEBUG - Response: 200 (122 bytes)
2022-01-02 19:21:09,828 - prawcore - DEBUG - Fetching: GET https://oauth.reddit.com/message/unread/
2022-01-02 19:21:09,828 - prawcore - DEBUG - Data: None
2022-01-02 19:21:09,828 - prawcore - DEBUG - Params: {'before': None, 'mark': False, 'limit': 72, 'raw_json': 1}
2022-01-02 19:21:09,951 - urllib3.connectionpool - DEBUG - https://oauth.reddit.com:443 "GET /message/unread/?mark=False&limit=72&raw_json=1 HTTP/1.1" 200 122
2022-01-02 19:21:09,952 - prawcore - DEBUG - Response: 200 (122 bytes)
2022-01-02 19:21:26,350 - prawcore - DEBUG - Fetching: GET https://oauth.reddit.com/message/unread/
2022-01-02 19:21:26,350 - prawcore - DEBUG - Data: None
2022-01-02 19:21:26,350 - prawcore - DEBUG - Params: {'before': None, 'mark': False, 'limit': 71, 'raw_json': 1}
2022-01-02 19:21:26,465 - urllib3.connectionpool - DEBUG - https://oauth.reddit.com:443 "GET /message/unread/?mark=False&limit=71&raw_json=1 HTTP/1.1" 200 122
2022-01-02 19:21:26,466 - prawcore - DEBUG - Response: 200 (122 bytes)
2022-01-02 19:21:42,340 - prawcore - DEBUG - Fetching: GET https://oauth.reddit.com/message/unread/
2022-01-02 19:21:42,340 - prawcore - DEBUG - Data: None
2022-01-02 19:21:42,340 - prawcore - DEBUG - Params: {'before': None, 'mark': False, 'limit': 100, 'raw_json': 1}
2022-01-02 19:21:42,445 - urllib3.connectionpool - DEBUG - https://oauth.reddit.com:443 "GET /message/unread/?mark=False&limit=100&raw_json=1 HTTP/1.1" 200 122
2022-01-02 19:21:42,446 - prawcore - DEBUG - Response: 200 (122 bytes)
2022-01-02 19:21:58,106 - prawcore - DEBUG - Fetching: GET https://oauth.reddit.com/message/unread/
2022-01-02 19:21:58,106 - prawcore - DEBUG - Data: None
2022-01-02 19:21:58,106 - prawcore - DEBUG - Params: {'before': None, 'mark': False, 'limit': 99, 'raw_json': 1}
2022-01-02 19:21:58,316 - urllib3.connectionpool - DEBUG - https://oauth.reddit.com:443 "GET /message/unread/?mark=False&limit=99&raw_json=1 HTTP/1.1" 200 122
2022-01-02 19:21:58,317 - prawcore - DEBUG - Response: 200 (122 bytes)
2022-01-02 19:22:14,764 - prawcore - DEBUG - Fetching: GET https://oauth.reddit.com/message/unread/
2022-01-02 19:22:14,764 - prawcore - DEBUG - Data: None
2022-01-02 19:22:14,764 - prawcore - DEBUG - Params: {'before': None, 'mark': False, 'limit': 98, 'raw_json': 1}
2022-01-02 19:22:14,920 - urllib3.connectionpool - DEBUG - https://oauth.reddit.com:443 "GET /message/unread/?mark=False&limit=98&raw_json=1 HTTP/1.1" 200 122
2022-01-02 19:22:14,921 - prawcore - DEBUG - Response: 200 (122 bytes)
2022-01-02 19:22:30,967 - prawcore - DEBUG - Fetching: GET https://oauth.reddit.com/message/unread/
2022-01-02 19:22:30,967 - prawcore - DEBUG - Data: None
2022-01-02 19:22:30,967 - prawcore - DEBUG - Params: {'before': None, 'mark': False, 'limit': 97, 'raw_json': 1}
2022-01-02 19:22:31,110 - urllib3.connectionpool - DEBUG - https://oauth.reddit.com:443 "GET /message/unread/?mark=False&limit=97&raw_json=1 HTTP/1.1" 200 122
2022-01-02 19:22:31,111 - prawcore - DEBUG - Response: 200 (122 bytes)
2022-01-02 19:22:47,060 - prawcore - DEBUG - Fetching: GET https://oauth.reddit.com/message/unread/
2022-01-02 19:22:47,060 - prawcore - DEBUG - Data: None
2022-01-02 19:22:47,060 - prawcore - DEBUG - Params: {'before': None, 'mark': False, 'limit': 96, 'raw_json': 1}
2022-01-02 19:22:47,143 - urllib3.connectionpool - DEBUG - https://oauth.reddit.com:443 "GET /message/unread/?mark=False&limit=96&raw_json=1 HTTP/1.1" 200 122
2022-01-02 19:22:47,144 - prawcore - DEBUG - Response: 200 (122 bytes)
2022-01-02 19:23:03,232 - prawcore - DEBUG - Fetching: GET https://oauth.reddit.com/message/unread/
2022-01-02 19:23:03,232 - prawcore - DEBUG - Data: None
2022-01-02 19:23:03,232 - prawcore - DEBUG - Params: {'before': None, 'mark': False, 'limit': 95, 'raw_json': 1}
2022-01-02 19:23:03,315 - urllib3.connectionpool - DEBUG - https://oauth.reddit.com:443 "GET /message/unread/?mark=False&limit=95&raw_json=1 HTTP/1.1" 200 122
2022-01-02 19:23:03,317 - prawcore - DEBUG - Response: 200 (122 bytes)
2022-01-02 19:23:18,903 - prawcore - DEBUG - Fetching: GET https://oauth.reddit.com/message/unread/
2022-01-02 19:23:18,903 - prawcore - DEBUG - Data: None
2022-01-02 19:23:18,903 - prawcore - DEBUG - Params: {'before': None, 'mark': False, 'limit': 94, 'raw_json': 1}
2022-01-02 19:23:18,985 - urllib3.connectionpool - DEBUG - https://oauth.reddit.com:443 "GET /message/unread/?mark=False&limit=94&raw_json=1 HTTP/1.1" 200 122
2022-01-02 19:23:18,986 - prawcore - DEBUG - Response: 200 (122 bytes)
2022-01-02 19:23:35,158 - prawcore - DEBUG - Fetching: GET https://oauth.reddit.com/message/unread/
2022-01-02 19:23:35,158 - prawcore - DEBUG - Data: None
2022-01-02 19:23:35,158 - prawcore - DEBUG - Params: {'before': None, 'mark': False, 'limit': 93, 'raw_json': 1}
2022-01-02 19:23:35,245 - urllib3.connectionpool - DEBUG - https://oauth.reddit.com:443 "GET /message/unread/?mark=False&limit=93&raw_json=1 HTTP/1.1" 200 122
2022-01-02 19:23:35,246 - prawcore - DEBUG - Response: 200 (122 bytes)
2022-01-02 19:23:51,333 - prawcore - DEBUG - Fetching: GET https://oauth.reddit.com/message/unread/
2022-01-02 19:23:51,333 - prawcore - DEBUG - Data: None
2022-01-02 19:23:51,333 - prawcore - DEBUG - Params: {'before': None, 'mark': False, 'limit': 92, 'raw_json': 1}
2022-01-02 19:23:51,428 - urllib3.connectionpool - DEBUG - https://oauth.reddit.com:443 "GET /message/unread/?mark=False&limit=92&raw_json=1 HTTP/1.1" 200 122
2022-01-02 19:23:51,429 - prawcore - DEBUG - Response: 200 (122 bytes)
2022-01-02 19:24:07,483 - prawcore - DEBUG - Fetching: GET https://oauth.reddit.com/message/unread/
2022-01-02 19:24:07,483 - prawcore - DEBUG - Data: None
2022-01-02 19:24:07,483 - prawcore - DEBUG - Params: {'before': None, 'mark': False, 'limit': 91, 'raw_json': 1}
2022-01-02 19:24:07,629 - urllib3.connectionpool - DEBUG - https://oauth.reddit.com:443 "GET /message/unread/?mark=False&limit=91&raw_json=1 HTTP/1.1" 200 122
2022-01-02 19:24:07,630 - prawcore - DEBUG - Response: 200 (122 bytes)
2022-01-02 19:24:23,324 - prawcore - DEBUG - Fetching: GET https://oauth.reddit.com/message/unread/
2022-01-02 19:24:23,324 - prawcore - DEBUG - Data: None
2022-01-02 19:24:23,324 - prawcore - DEBUG - Params: {'before': None, 'mark': False, 'limit': 90, 'raw_json': 1}
2022-01-02 19:24:23,426 - urllib3.connectionpool - DEBUG - https://oauth.reddit.com:443 "GET /message/unread/?mark=False&limit=90&raw_json=1 HTTP/1.1" 200 122
2022-01-02 19:24:23,427 - prawcore - DEBUG - Response: 200 (122 bytes)
2022-01-02 19:24:39,860 - prawcore - DEBUG - Fetching: GET https://oauth.reddit.com/message/unread/
2022-01-02 19:24:39,860 - prawcore - DEBUG - Data: None
2022-01-02 19:24:39,860 - prawcore - DEBUG - Params: {'before': None, 'mark': False, 'limit': 89, 'raw_json': 1}
2022-01-02 19:24:39,951 - urllib3.connectionpool - DEBUG - https://oauth.reddit.com:443 "GET /message/unread/?mark=False&limit=89&raw_json=1 HTTP/1.1" 200 122
2022-01-02 19:24:39,951 - prawcore - DEBUG - Response: 200 (122 bytes)
2022-01-02 19:24:55,869 - prawcore - DEBUG - Fetching: GET https://oauth.reddit.com/message/unread/
2022-01-02 19:24:55,869 - prawcore - DEBUG - Data: None
2022-01-02 19:24:55,869 - prawcore - DEBUG - Params: {'before': None, 'mark': False, 'limit': 88, 'raw_json': 1}
2022-01-02 19:24:55,959 - urllib3.connectionpool - DEBUG - https://oauth.reddit.com:443 "GET /message/unread/?mark=False&limit=88&raw_json=1 HTTP/1.1" 200 122
2022-01-02 19:24:55,960 - prawcore - DEBUG - Response: 200 (122 bytes)
2022-01-02 19:25:12,420 - prawcore - DEBUG - Fetching: GET https://oauth.reddit.com/message/unread/
2022-01-02 19:25:12,420 - prawcore - DEBUG - Data: None
2022-01-02 19:25:12,420 - prawcore - DEBUG - Params: {'before': None, 'mark': False, 'limit': 87, 'raw_json': 1}
2022-01-02 19:25:12,528 - urllib3.connectionpool - DEBUG - https://oauth.reddit.com:443 "GET /message/unread/?mark=False&limit=87&raw_json=1 HTTP/1.1" 200 122
2022-01-02 19:25:12,528 - prawcore - DEBUG - Response: 200 (122 bytes)
2022-01-02 19:25:28,069 - prawcore - DEBUG - Fetching: GET https://oauth.reddit.com/message/unread/
2022-01-02 19:25:28,069 - prawcore - DEBUG - Data: None
2022-01-02 19:25:28,069 - prawcore - DEBUG - Params: {'before': None, 'mark': False, 'limit': 86, 'raw_json': 1}
2022-01-02 19:25:28,153 - urllib3.connectionpool - DEBUG - https://oauth.reddit.com:443 "GET /message/unread/?mark=False&limit=86&raw_json=1 HTTP/1.1" 200 122
2022-01-02 19:25:28,154 - prawcore - DEBUG - Response: 200 (122 bytes)
2022-01-02 19:25:43,769 - prawcore - DEBUG - Fetching: GET https://oauth.reddit.com/message/unread/
2022-01-02 19:25:43,769 - prawcore - DEBUG - Data: None
2022-01-02 19:25:43,769 - prawcore - DEBUG - Params: {'before': None, 'mark': False, 'limit': 85, 'raw_json': 1}
2022-01-02 19:25:44,128 - urllib3.connectionpool - DEBUG - https://oauth.reddit.com:443 "GET /message/unread/?mark=False&limit=85&raw_json=1 HTTP/1.1" 200 122
2022-01-02 19:25:44,129 - prawcore - DEBUG - Response: 200 (122 bytes)
2022-01-02 19:26:00,378 - prawcore - DEBUG - Fetching: GET https://oauth.reddit.com/message/unread/
2022-01-02 19:26:00,378 - prawcore - DEBUG - Data: None
2022-01-02 19:26:00,378 - prawcore - DEBUG - Params: {'before': None, 'mark': False, 'limit': 84, 'raw_json': 1}
2022-01-02 19:26:00,465 - urllib3.connectionpool - DEBUG - https://oauth.reddit.com:443 "GET /message/unread/?mark=False&limit=84&raw_json=1 HTTP/1.1" 200 122
2022-01-02 19:26:00,467 - prawcore - DEBUG - Response: 200 (122 bytes)
2022-01-02 19:26:16,852 - prawcore - DEBUG - Fetching: GET https://oauth.reddit.com/message/unread/
2022-01-02 19:26:16,854 - prawcore - DEBUG - Data: None
2022-01-02 19:26:16,854 - prawcore - DEBUG - Params: {'before': None, 'mark': False, 'limit': 83, 'raw_json': 1}
2022-01-02 19:26:16,970 - urllib3.connectionpool - DEBUG - https://oauth.reddit.com:443 "GET /message/unread/?mark=False&limit=83&raw_json=1 HTTP/1.1" 200 122
2022-01-02 19:26:16,971 - prawcore - DEBUG - Response: 200 (122 bytes)
2022-01-02 19:26:33,024 - prawcore - DEBUG - Fetching: GET https://oauth.reddit.com/message/unread/
2022-01-02 19:26:33,025 - prawcore - DEBUG - Data: None
2022-01-02 19:26:33,025 - prawcore - DEBUG - Params: {'before': None, 'mark': False, 'limit': 82, 'raw_json': 1}
2022-01-02 19:26:33,108 - urllib3.connectionpool - DEBUG - https://oauth.reddit.com:443 "GET /message/unread/?mark=False&limit=82&raw_json=1 HTTP/1.1" 200 122
2022-01-02 19:26:33,109 - prawcore - DEBUG - Response: 200 (122 bytes)
2022-01-02 19:26:49,358 - prawcore - DEBUG - Fetching: GET https://oauth.reddit.com/message/unread/
2022-01-02 19:26:49,358 - prawcore - DEBUG - Data: None
2022-01-02 19:26:49,358 - prawcore - DEBUG - Params: {'before': None, 'mark': False, 'limit': 81, 'raw_json': 1}
2022-01-02 19:26:49,447 - urllib3.connectionpool - DEBUG - https://oauth.reddit.com:443 "GET /message/unread/?mark=False&limit=81&raw_json=1 HTTP/1.1" 200 122
2022-01-02 19:26:49,448 - prawcore - DEBUG - Response: 200 (122 bytes)
2022-01-02 19:27:05,606 - prawcore - DEBUG - Fetching: GET https://oauth.reddit.com/message/unread/
2022-01-02 19:27:05,606 - prawcore - DEBUG - Data: None
2022-01-02 19:27:05,606 - prawcore - DEBUG - Params: {'before': None, 'mark': False, 'limit': 80, 'raw_json': 1}
2022-01-02 19:27:05,744 - urllib3.connectionpool - DEBUG - https://oauth.reddit.com:443 "GET /message/unread/?mark=False&limit=80&raw_json=1 HTTP/1.1" 200 122
2022-01-02 19:27:05,745 - prawcore - DEBUG - Response: 200 (122 bytes)
2022-01-02 19:27:21,415 - prawcore - DEBUG - Fetching: GET https://oauth.reddit.com/message/unread/
2022-01-02 19:27:21,415 - prawcore - DEBUG - Data: None
2022-01-02 19:27:21,415 - prawcore - DEBUG - Params: {'before': None, 'mark': False, 'limit': 79, 'raw_json': 1}
2022-01-02 19:27:21,497 - urllib3.connectionpool - DEBUG - https://oauth.reddit.com:443 "GET /message/unread/?mark=False&limit=79&raw_json=1 HTTP/1.1" 200 122
2022-01-02 19:27:21,498 - prawcore - DEBUG - Response: 200 (122 bytes)
2022-01-02 19:27:37,578 - prawcore - DEBUG - Fetching: GET https://oauth.reddit.com/message/unread/
2022-01-02 19:27:37,578 - prawcore - DEBUG - Data: None
2022-01-02 19:27:37,578 - prawcore - DEBUG - Params: {'before': None, 'mark': False, 'limit': 78, 'raw_json': 1}
2022-01-02 19:27:37,665 - urllib3.connectionpool - DEBUG - https://oauth.reddit.com:443 "GET /message/unread/?mark=False&limit=78&raw_json=1 HTTP/1.1" 200 122
2022-01-02 19:27:37,666 - prawcore - DEBUG - Response: 200 (122 bytes)
2022-01-02 19:27:53,748 - prawcore - DEBUG - Fetching: GET https://oauth.reddit.com/message/unread/
2022-01-02 19:27:53,748 - prawcore - DEBUG - Data: None
2022-01-02 19:27:53,748 - prawcore - DEBUG - Params: {'before': None, 'mark': False, 'limit': 77, 'raw_json': 1}
2022-01-02 19:27:53,835 - urllib3.connectionpool - DEBUG - https://oauth.reddit.com:443 "GET /message/unread/?mark=False&limit=77&raw_json=1 HTTP/1.1" 200 122
2022-01-02 19:27:53,836 - prawcore - DEBUG - Response: 200 (122 bytes)
2022-01-02 19:28:10,086 - prawcore - DEBUG - Fetching: GET https://oauth.reddit.com/message/unread/
2022-01-02 19:28:10,086 - prawcore - DEBUG - Data: None
2022-01-02 19:28:10,086 - prawcore - DEBUG - Params: {'before': None, 'mark': False, 'limit': 76, 'raw_json': 1}
2022-01-02 19:28:10,235 - urllib3.connectionpool - DEBUG - https://oauth.reddit.com:443 "GET /message/unread/?mark=False&limit=76&raw_json=1 HTTP/1.1" 200 122
2022-01-02 19:28:10,236 - prawcore - DEBUG - Response: 200 (122 bytes)
2022-01-02 19:28:26,025 - prawcore - DEBUG - Fetching: GET https://oauth.reddit.com/message/unread/
2022-01-02 19:28:26,025 - prawcore - DEBUG - Data: None
2022-01-02 19:28:26,025 - prawcore - DEBUG - Params: {'before': None, 'mark': False, 'limit': 75, 'raw_json': 1}
2022-01-02 19:28:26,104 - urllib3.connectionpool - DEBUG - https://oauth.reddit.com:443 "GET /message/unread/?mark=False&limit=75&raw_json=1 HTTP/1.1" 200 122
2022-01-02 19:28:26,105 - prawcore - DEBUG - Response: 200 (122 bytes)
2022-01-02 19:28:41,736 - prawcore - DEBUG - Fetching: GET https://oauth.reddit.com/message/unread/
2022-01-02 19:28:41,737 - prawcore - DEBUG - Data: None
2022-01-02 19:28:41,737 - prawcore - DEBUG - Params: {'before': None, 'mark': False, 'limit': 74, 'raw_json': 1}
2022-01-02 19:28:41,820 - urllib3.connectionpool - DEBUG - https://oauth.reddit.com:443 "GET /message/unread/?mark=False&limit=74&raw_json=1 HTTP/1.1" 200 122
2022-01-02 19:28:41,821 - prawcore - DEBUG - Response: 200 (122 bytes)
2022-01-02 19:28:58,087 - prawcore - DEBUG - Fetching: GET https://oauth.reddit.com/message/unread/
2022-01-02 19:28:58,087 - prawcore - DEBUG - Data: None
2022-01-02 19:28:58,087 - prawcore - DEBUG - Params: {'before': None, 'mark': False, 'limit': 73, 'raw_json': 1}
2022-01-02 19:28:58,230 - urllib3.connectionpool - DEBUG - https://oauth.reddit.com:443 "GET /message/unread/?mark=False&limit=73&raw_json=1 HTTP/1.1" 200 122
2022-01-02 19:28:58,230 - prawcore - DEBUG - Response: 200 (122 bytes)
2022-01-02 19:29:14,486 - prawcore - DEBUG - Fetching: GET https://oauth.reddit.com/message/unread/
2022-01-02 19:29:14,486 - prawcore - DEBUG - Data: None
2022-01-02 19:29:14,486 - prawcore - DEBUG - Params: {'before': None, 'mark': False, 'limit': 72, 'raw_json': 1}
2022-01-02 19:29:14,598 - urllib3.connectionpool - DEBUG - https://oauth.reddit.com:443 "GET /message/unread/?mark=False&limit=72&raw_json=1 HTTP/1.1" 200 122
2022-01-02 19:29:14,599 - prawcore - DEBUG - Response: 200 (122 bytes)
2022-01-02 19:29:30,258 - prawcore - DEBUG - Fetching: GET https://oauth.reddit.com/message/unread/
2022-01-02 19:29:30,258 - prawcore - DEBUG - Data: None
2022-01-02 19:29:30,258 - prawcore - DEBUG - Params: {'before': None, 'mark': False, 'limit': 71, 'raw_json': 1}
2022-01-02 19:29:30,343 - urllib3.connectionpool - DEBUG - https://oauth.reddit.com:443 "GET /message/unread/?mark=False&limit=71&raw_json=1 HTTP/1.1" 200 122
2022-01-02 19:29:30,343 - prawcore - DEBUG - Response: 200 (122 bytes)
2022-01-02 19:29:46,746 - prawcore - DEBUG - Fetching: GET https://oauth.reddit.com/message/unread/
2022-01-02 19:29:46,746 - prawcore - DEBUG - Data: None
2022-01-02 19:29:46,746 - prawcore - DEBUG - Params: {'before': None, 'mark': False, 'limit': 100, 'raw_json': 1}
2022-01-02 19:29:46,829 - urllib3.connectionpool - DEBUG - https://oauth.reddit.com:443 "GET /message/unread/?mark=False&limit=100&raw_json=1 HTTP/1.1" 200 122
2022-01-02 19:29:46,830 - prawcore - DEBUG - Response: 200 (122 bytes)
2022-01-02 19:30:02,399 - prawcore - DEBUG - Fetching: GET https://oauth.reddit.com/message/unread/
2022-01-02 19:30:02,399 - prawcore - DEBUG - Data: None
2022-01-02 19:30:02,399 - prawcore - DEBUG - Params: {'before': None, 'mark': False, 'limit': 99, 'raw_json': 1}
2022-01-02 19:30:02,486 - urllib3.connectionpool - DEBUG - https://oauth.reddit.com:443 "GET /message/unread/?mark=False&limit=99&raw_json=1 HTTP/1.1" 200 122
2022-01-02 19:30:02,487 - prawcore - DEBUG - Response: 200 (122 bytes)
2022-01-02 19:30:18,795 - prawcore - DEBUG - Fetching: GET https://oauth.reddit.com/message/unread/
2022-01-02 19:30:18,795 - prawcore - DEBUG - Data: None
2022-01-02 19:30:18,795 - prawcore - DEBUG - Params: {'before': None, 'mark': False, 'limit': 98, 'raw_json': 1}
2022-01-02 19:30:18,892 - urllib3.connectionpool - DEBUG - https://oauth.reddit.com:443 "GET /message/unread/?mark=False&limit=98&raw_json=1 HTTP/1.1" 200 122
2022-01-02 19:30:18,893 - prawcore - DEBUG - Response: 200 (122 bytes)
2022-01-02 19:30:34,807 - prawcore - DEBUG - Fetching: GET https://oauth.reddit.com/message/unread/
2022-01-02 19:30:34,807 - prawcore - DEBUG - Data: None
2022-01-02 19:30:34,807 - prawcore - DEBUG - Params: {'before': None, 'mark': False, 'limit': 97, 'raw_json': 1}
2022-01-02 19:30:34,895 - urllib3.connectionpool - DEBUG - https://oauth.reddit.com:443 "GET /message/unread/?mark=False&limit=97&raw_json=1 HTTP/1.1" 200 122
2022-01-02 19:30:34,896 - prawcore - DEBUG - Response: 200 (122 bytes)
2022-01-02 19:30:51,152 - prawcore - DEBUG - Fetching: GET https://oauth.reddit.com/message/unread/
2022-01-02 19:30:51,152 - prawcore - DEBUG - Data: None
2022-01-02 19:30:51,152 - prawcore - DEBUG - Params: {'before': None, 'mark': False, 'limit': 96, 'raw_json': 1}
2022-01-02 19:30:51,246 - urllib3.connectionpool - DEBUG - https://oauth.reddit.com:443 "GET /message/unread/?mark=False&limit=96&raw_json=1 HTTP/1.1" 200 122
2022-01-02 19:30:51,246 - prawcore - DEBUG - Response: 200 (122 bytes)
2022-01-02 19:31:07,458 - prawcore - DEBUG - Fetching: GET https://oauth.reddit.com/message/unread/
2022-01-02 19:31:07,458 - prawcore - DEBUG - Data: None
2022-01-02 19:31:07,458 - prawcore - DEBUG - Params: {'before': None, 'mark': False, 'limit': 95, 'raw_json': 1}
2022-01-02 19:31:07,567 - urllib3.connectionpool - DEBUG - https://oauth.reddit.com:443 "GET /message/unread/?mark=False&limit=95&raw_json=1 HTTP/1.1" 200 122
2022-01-02 19:31:07,568 - prawcore - DEBUG - Response: 200 (122 bytes)
2022-01-02 19:31:23,176 - prawcore - DEBUG - Fetching: GET https://oauth.reddit.com/message/unread/
2022-01-02 19:31:23,176 - prawcore - DEBUG - Data: None
2022-01-02 19:31:23,176 - prawcore - DEBUG - Params: {'before': None, 'mark': False, 'limit': 94, 'raw_json': 1}
2022-01-02 19:31:23,266 - urllib3.connectionpool - DEBUG - https://oauth.reddit.com:443 "GET /message/unread/?mark=False&limit=94&raw_json=1 HTTP/1.1" 200 122
2022-01-02 19:31:23,267 - prawcore - DEBUG - Response: 200 (122 bytes)
2022-01-02 19:31:39,150 - prawcore - DEBUG - Fetching: GET https://oauth.reddit.com/message/unread/
2022-01-02 19:31:39,150 - prawcore - DEBUG - Data: None
2022-01-02 19:31:39,150 - prawcore - DEBUG - Params: {'before': None, 'mark': False, 'limit': 93, 'raw_json': 1}
2022-01-02 19:31:39,317 - urllib3.connectionpool - DEBUG - https://oauth.reddit.com:443 "GET /message/unread/?mark=False&limit=93&raw_json=1 HTTP/1.1" 200 122
2022-01-02 19:31:39,317 - prawcore - DEBUG - Response: 200 (122 bytes)
2022-01-02 19:31:55,053 - prawcore - DEBUG - Fetching: GET https://oauth.reddit.com/message/unread/
2022-01-02 19:31:55,053 - prawcore - DEBUG - Data: None
2022-01-02 19:31:55,053 - prawcore - DEBUG - Params: {'before': None, 'mark': False, 'limit': 92, 'raw_json': 1}
2022-01-02 19:31:55,139 - urllib3.connectionpool - DEBUG - https://oauth.reddit.com:443 "GET /message/unread/?mark=False&limit=92&raw_json=1 HTTP/1.1" 200 122
2022-01-02 19:31:55,140 - prawcore - DEBUG - Response: 200 (122 bytes)
2022-01-02 19:32:10,797 - prawcore - DEBUG - Fetching: GET https://oauth.reddit.com/message/unread/
2022-01-02 19:32:10,797 - prawcore - DEBUG - Data: None
2022-01-02 19:32:10,797 - prawcore - DEBUG - Params: {'before': None, 'mark': False, 'limit': 91, 'raw_json': 1}
2022-01-02 19:32:10,911 - urllib3.connectionpool - DEBUG - https://oauth.reddit.com:443 "GET /message/unread/?mark=False&limit=91&raw_json=1 HTTP/1.1" 200 122
2022-01-02 19:32:10,911 - prawcore - DEBUG - Response: 200 (122 bytes)
2022-01-02 19:32:26,628 - prawcore - DEBUG - Fetching: GET https://oauth.reddit.com/message/unread/
2022-01-02 19:32:26,628 - prawcore - DEBUG - Data: None
2022-01-02 19:32:26,628 - prawcore - DEBUG - Params: {'before': None, 'mark': False, 'limit': 90, 'raw_json': 1}
2022-01-02 19:32:26,722 - urllib3.connectionpool - DEBUG - https://oauth.reddit.com:443 "GET /message/unread/?mark=False&limit=90&raw_json=1 HTTP/1.1" 200 122
2022-01-02 19:32:26,723 - prawcore - DEBUG - Response: 200 (122 bytes)
2022-01-02 19:32:42,694 - prawcore - DEBUG - Fetching: GET https://oauth.reddit.com/message/unread/
2022-01-02 19:32:42,694 - prawcore - DEBUG - Data: None
2022-01-02 19:32:42,694 - prawcore - DEBUG - Params: {'before': None, 'mark': False, 'limit': 89, 'raw_json': 1}
2022-01-02 19:32:42,790 - urllib3.connectionpool - DEBUG - https://oauth.reddit.com:443 "GET /message/unread/?mark=False&limit=89&raw_json=1 HTTP/1.1" 200 122
2022-01-02 19:32:42,792 - prawcore - DEBUG - Response: 200 (122 bytes)
2022-01-02 19:32:58,339 - prawcore - DEBUG - Fetching: GET https://oauth.reddit.com/message/unread/
2022-01-02 19:32:58,339 - prawcore - DEBUG - Data: None
2022-01-02 19:32:58,339 - prawcore - DEBUG - Params: {'before': None, 'mark': False, 'limit': 88, 'raw_json': 1}
2022-01-02 19:32:58,429 - urllib3.connectionpool - DEBUG - https://oauth.reddit.com:443 "GET /message/unread/?mark=False&limit=88&raw_json=1 HTTP/1.1" 200 122
2022-01-02 19:32:58,430 - prawcore - DEBUG - Response: 200 (122 bytes)
2022-01-02 19:33:14,577 - prawcore - DEBUG - Fetching: GET https://oauth.reddit.com/message/unread/
2022-01-02 19:33:14,577 - prawcore - DEBUG - Data: None
2022-01-02 19:33:14,577 - prawcore - DEBUG - Params: {'before': None, 'mark': False, 'limit': 87, 'raw_json': 1}
2022-01-02 19:33:14,661 - urllib3.connectionpool - DEBUG - https://oauth.reddit.com:443 "GET /message/unread/?mark=False&limit=87&raw_json=1 HTTP/1.1" 200 122
2022-01-02 19:33:14,662 - prawcore - DEBUG - Response: 200 (122 bytes)
2022-01-02 19:33:30,978 - prawcore - DEBUG - Fetching: GET https://oauth.reddit.com/message/unread/
2022-01-02 19:33:30,978 - prawcore - DEBUG - Data: None
2022-01-02 19:33:30,978 - prawcore - DEBUG - Params: {'before': None, 'mark': False, 'limit': 86, 'raw_json': 1}
2022-01-02 19:33:31,103 - urllib3.connectionpool - DEBUG - https://oauth.reddit.com:443 "GET /message/unread/?mark=False&limit=86&raw_json=1 HTTP/1.1" 200 122
2022-01-02 19:33:31,104 - prawcore - DEBUG - Response: 200 (122 bytes)
2022-01-02 19:33:46,768 - prawcore - DEBUG - Fetching: GET https://oauth.reddit.com/message/unread/
2022-01-02 19:33:46,768 - prawcore - DEBUG - Data: None
2022-01-02 19:33:46,768 - prawcore - DEBUG - Params: {'before': None, 'mark': False, 'limit': 85, 'raw_json': 1}
2022-01-02 19:33:46,853 - urllib3.connectionpool - DEBUG - https://oauth.reddit.com:443 "GET /message/unread/?mark=False&limit=85&raw_json=1 HTTP/1.1" 200 122
2022-01-02 19:33:46,854 - prawcore - DEBUG - Response: 200 (122 bytes)
2022-01-02 19:34:02,506 - prawcore - DEBUG - Fetching: GET https://oauth.reddit.com/message/unread/
2022-01-02 19:34:02,506 - prawcore - DEBUG - Data: None
2022-01-02 19:34:02,506 - prawcore - DEBUG - Params: {'before': None, 'mark': False, 'limit': 84, 'raw_json': 1}
2022-01-02 19:34:02,601 - urllib3.connectionpool - DEBUG - https://oauth.reddit.com:443 "GET /message/unread/?mark=False&limit=84&raw_json=1 HTTP/1.1" 200 122
2022-01-02 19:34:02,602 - prawcore - DEBUG - Response: 200 (122 bytes)
2022-01-02 19:34:18,324 - prawcore - DEBUG - Fetching: GET https://oauth.reddit.com/message/unread/
2022-01-02 19:34:18,324 - prawcore - DEBUG - Data: None
2022-01-02 19:34:18,324 - prawcore - DEBUG - Params: {'before': None, 'mark': False, 'limit': 83, 'raw_json': 1}
2022-01-02 19:34:18,412 - urllib3.connectionpool - DEBUG - https://oauth.reddit.com:443 "GET /message/unread/?mark=False&limit=83&raw_json=1 HTTP/1.1" 200 122
2022-01-02 19:34:18,413 - prawcore - DEBUG - Response: 200 (122 bytes)
2022-01-02 19:34:34,085 - prawcore - DEBUG - Fetching: GET https://oauth.reddit.com/message/unread/
2022-01-02 19:34:34,085 - prawcore - DEBUG - Data: None
2022-01-02 19:34:34,085 - prawcore - DEBUG - Params: {'before': None, 'mark': False, 'limit': 82, 'raw_json': 1}
2022-01-02 19:34:35,246 - urllib3.connectionpool - DEBUG - https://oauth.reddit.com:443 "GET /message/unread/?mark=False&limit=82&raw_json=1 HTTP/1.1" 200 122
2022-01-02 19:34:35,247 - prawcore - DEBUG - Response: 200 (122 bytes)
2022-01-02 19:34:51,029 - prawcore - DEBUG - Fetching: GET https://oauth.reddit.com/message/unread/
2022-01-02 19:34:51,029 - prawcore - DEBUG - Data: None
2022-01-02 19:34:51,029 - prawcore - DEBUG - Params: {'before': None, 'mark': False, 'limit': 81, 'raw_json': 1}
2022-01-02 19:34:51,115 - urllib3.connectionpool - DEBUG - https://oauth.reddit.com:443 "GET /message/unread/?mark=False&limit=81&raw_json=1 HTTP/1.1" 200 122
2022-01-02 19:34:51,115 - prawcore - DEBUG - Response: 200 (122 bytes)
2022-01-02 19:35:06,665 - prawcore - DEBUG - Fetching: GET https://oauth.reddit.com/message/unread/
2022-01-02 19:35:06,665 - prawcore - DEBUG - Data: None
2022-01-02 19:35:06,665 - prawcore - DEBUG - Params: {'before': None, 'mark': False, 'limit': 80, 'raw_json': 1}
2022-01-02 19:35:06,805 - urllib3.connectionpool - DEBUG - https://oauth.reddit.com:443 "GET /message/unread/?mark=False&limit=80&raw_json=1 HTTP/1.1" 200 122
2022-01-02 19:35:06,806 - prawcore - DEBUG - Response: 200 (122 bytes)
2022-01-02 19:35:22,478 - prawcore - DEBUG - Fetching: GET https://oauth.reddit.com/message/unread/
2022-01-02 19:35:22,478 - prawcore - DEBUG - Data: None
2022-01-02 19:35:22,478 - prawcore - DEBUG - Params: {'before': None, 'mark': False, 'limit': 79, 'raw_json': 1}
2022-01-02 19:35:22,682 - urllib3.connectionpool - DEBUG - https://oauth.reddit.com:443 "GET /message/unread/?mark=False&limit=79&raw_json=1 HTTP/1.1" 200 122
2022-01-02 19:35:22,683 - prawcore - DEBUG - Response: 200 (122 bytes)
2022-01-02 19:35:39,012 - prawcore - DEBUG - Fetching: GET https://oauth.reddit.com/message/unread/
2022-01-02 19:35:39,012 - prawcore - DEBUG - Data: None
2022-01-02 19:35:39,012 - prawcore - DEBUG - Params: {'before': None, 'mark': False, 'limit': 78, 'raw_json': 1}
2022-01-02 19:35:39,106 - urllib3.connectionpool - DEBUG - https://oauth.reddit.com:443 "GET /message/unread/?mark=False&limit=78&raw_json=1 HTTP/1.1" 200 122
2022-01-02 19:35:39,107 - prawcore - DEBUG - Response: 200 (122 bytes)
2022-01-02 19:35:54,903 - prawcore - DEBUG - Fetching: GET https://oauth.reddit.com/message/unread/
2022-01-02 19:35:54,903 - prawcore - DEBUG - Data: None
2022-01-02 19:35:54,903 - prawcore - DEBUG - Params: {'before': None, 'mark': False, 'limit': 77, 'raw_json': 1}
2022-01-02 19:35:58,179 - urllib3.connectionpool - DEBUG - https://oauth.reddit.com:443 "GET /message/unread/?mark=False&limit=77&raw_json=1 HTTP/1.1" 200 122
2022-01-02 19:35:58,180 - prawcore - DEBUG - Response: 200 (122 bytes)
2022-01-02 19:36:13,742 - prawcore - DEBUG - Fetching: GET https://oauth.reddit.com/message/unread/
2022-01-02 19:36:13,742 - prawcore - DEBUG - Data: None
2022-01-02 19:36:13,742 - prawcore - DEBUG - Params: {'before': None, 'mark': False, 'limit': 76, 'raw_json': 1}
2022-01-02 19:36:13,859 - urllib3.connectionpool - DEBUG - https://oauth.reddit.com:443 "GET /message/unread/?mark=False&limit=76&raw_json=1 HTTP/1.1" 200 122
2022-01-02 19:36:13,860 - prawcore - DEBUG - Response: 200 (122 bytes)
2022-01-02 19:36:29,881 - prawcore - DEBUG - Fetching: GET https://oauth.reddit.com/message/unread/
2022-01-02 19:36:29,881 - prawcore - DEBUG - Data: None
2022-01-02 19:36:29,881 - prawcore - DEBUG - Params: {'before': None, 'mark': False, 'limit': 75, 'raw_json': 1}
2022-01-02 19:36:30,054 - urllib3.connectionpool - DEBUG - https://oauth.reddit.com:443 "GET /message/unread/?mark=False&limit=75&raw_json=1 HTTP/1.1" 200 122
2022-01-02 19:36:30,055 - prawcore - DEBUG - Response: 200 (122 bytes)
2022-01-02 19:36:45,761 - prawcore - DEBUG - Fetching: GET https://oauth.reddit.com/message/unread/
2022-01-02 19:36:45,761 - prawcore - DEBUG - Data: None
2022-01-02 19:36:45,761 - prawcore - DEBUG - Params: {'before': None, 'mark': False, 'limit': 74, 'raw_json': 1}
2022-01-02 19:36:45,853 - urllib3.connectionpool - DEBUG - https://oauth.reddit.com:443 "GET /message/unread/?mark=False&limit=74&raw_json=1 HTTP/1.1" 200 122
2022-01-02 19:36:45,856 - prawcore - DEBUG - Response: 200 (122 bytes)
2022-01-02 19:37:02,153 - prawcore - DEBUG - Fetching: GET https://oauth.reddit.com/message/unread/
2022-01-02 19:37:02,153 - prawcore - DEBUG - Data: None
2022-01-02 19:37:02,153 - prawcore - DEBUG - Params: {'before': None, 'mark': False, 'limit': 73, 'raw_json': 1}
2022-01-02 19:37:02,246 - urllib3.connectionpool - DEBUG - https://oauth.reddit.com:443 "GET /message/unread/?mark=False&limit=73&raw_json=1 HTTP/1.1" 200 122
2022-01-02 19:37:02,248 - prawcore - DEBUG - Response: 200 (122 bytes)
2022-01-02 19:37:18,743 - prawcore - DEBUG - Fetching: GET https://oauth.reddit.com/message/unread/
2022-01-02 19:37:18,743 - prawcore - DEBUG - Data: None
2022-01-02 19:37:18,743 - prawcore - DEBUG - Params: {'before': None, 'mark': False, 'limit': 72, 'raw_json': 1}
2022-01-02 19:37:18,833 - urllib3.connectionpool - DEBUG - https://oauth.reddit.com:443 "GET /message/unread/?mark=False&limit=72&raw_json=1 HTTP/1.1" 200 122
2022-01-02 19:37:18,834 - prawcore - DEBUG - Response: 200 (122 bytes)
2022-01-02 19:37:35,067 - prawcore - DEBUG - Fetching: GET https://oauth.reddit.com/message/unread/
2022-01-02 19:37:35,067 - prawcore - DEBUG - Data: None
2022-01-02 19:37:35,067 - prawcore - DEBUG - Params: {'before': None, 'mark': False, 'limit': 71, 'raw_json': 1}
2022-01-02 19:37:35,154 - urllib3.connectionpool - DEBUG - https://oauth.reddit.com:443 "GET /message/unread/?mark=False&limit=71&raw_json=1 HTTP/1.1" 200 122
2022-01-02 19:37:35,155 - prawcore - DEBUG - Response: 200 (122 bytes)
2022-01-02 19:37:50,865 - prawcore - DEBUG - Fetching: GET https://oauth.reddit.com/message/unread/
2022-01-02 19:37:50,865 - prawcore - DEBUG - Data: None
2022-01-02 19:37:50,865 - prawcore - DEBUG - Params: {'before': None, 'mark': False, 'limit': 100, 'raw_json': 1}
2022-01-02 19:37:51,012 - urllib3.connectionpool - DEBUG - https://oauth.reddit.com:443 "GET /message/unread/?mark=False&limit=100&raw_json=1 HTTP/1.1" 200 122
2022-01-02 19:37:51,013 - prawcore - DEBUG - Response: 200 (122 bytes)
2022-01-02 19:38:06,965 - prawcore - DEBUG - Fetching: GET https://oauth.reddit.com/message/unread/
2022-01-02 19:38:06,965 - prawcore - DEBUG - Data: None
2022-01-02 19:38:06,965 - prawcore - DEBUG - Params: {'before': None, 'mark': False, 'limit': 99, 'raw_json': 1}
2022-01-02 19:38:07,121 - urllib3.connectionpool - DEBUG - https://oauth.reddit.com:443 "GET /message/unread/?mark=False&limit=99&raw_json=1 HTTP/1.1" 200 122
2022-01-02 19:38:07,122 - prawcore - DEBUG - Response: 200 (122 bytes)
2022-01-02 19:38:22,708 - prawcore - DEBUG - Fetching: GET https://oauth.reddit.com/message/unread/
2022-01-02 19:38:22,708 - prawcore - DEBUG - Data: None
2022-01-02 19:38:22,708 - prawcore - DEBUG - Params: {'before': None, 'mark': False, 'limit': 98, 'raw_json': 1}
2022-01-02 19:38:22,811 - urllib3.connectionpool - DEBUG - https://oauth.reddit.com:443 "GET /message/unread/?mark=False&limit=98&raw_json=1 HTTP/1.1" 200 122
2022-01-02 19:38:22,812 - prawcore - DEBUG - Response: 200 (122 bytes)
2022-01-02 19:38:38,417 - prawcore - DEBUG - Fetching: GET https://oauth.reddit.com/message/unread/
2022-01-02 19:38:38,417 - prawcore - DEBUG - Data: None
2022-01-02 19:38:38,417 - prawcore - DEBUG - Params: {'before': None, 'mark': False, 'limit': 97, 'raw_json': 1}
2022-01-02 19:38:38,505 - urllib3.connectionpool - DEBUG - https://oauth.reddit.com:443 "GET /message/unread/?mark=False&limit=97&raw_json=1 HTTP/1.1" 200 122
2022-01-02 19:38:38,506 - prawcore - DEBUG - Response: 200 (122 bytes)
2022-01-02 19:38:54,975 - prawcore - DEBUG - Fetching: GET https://oauth.reddit.com/message/unread/
2022-01-02 19:38:54,975 - prawcore - DEBUG - Data: None
2022-01-02 19:38:54,975 - prawcore - DEBUG - Params: {'before': None, 'mark': False, 'limit': 96, 'raw_json': 1}
2022-01-02 19:38:55,074 - urllib3.connectionpool - DEBUG - https://oauth.reddit.com:443 "GET /message/unread/?mark=False&limit=96&raw_json=1 HTTP/1.1" 200 122
2022-01-02 19:38:55,074 - prawcore - DEBUG - Response: 200 (122 bytes)
2022-01-02 19:39:11,220 - prawcore - DEBUG - Fetching: GET https://oauth.reddit.com/message/unread/
2022-01-02 19:39:11,220 - prawcore - DEBUG - Data: None
2022-01-02 19:39:11,220 - prawcore - DEBUG - Params: {'before': None, 'mark': False, 'limit': 95, 'raw_json': 1}
2022-01-02 19:39:11,305 - urllib3.connectionpool - DEBUG - https://oauth.reddit.com:443 "GET /message/unread/?mark=False&limit=95&raw_json=1 HTTP/1.1" 200 122
2022-01-02 19:39:11,306 - prawcore - DEBUG - Response: 200 (122 bytes)
2022-01-02 19:39:27,564 - prawcore - DEBUG - Fetching: GET https://oauth.reddit.com/message/unread/
2022-01-02 19:39:27,564 - prawcore - DEBUG - Data: None
2022-01-02 19:39:27,564 - prawcore - DEBUG - Params: {'before': None, 'mark': False, 'limit': 94, 'raw_json': 1}
2022-01-02 19:39:27,647 - urllib3.connectionpool - DEBUG - https://oauth.reddit.com:443 "GET /message/unread/?mark=False&limit=94&raw_json=1 HTTP/1.1" 200 122
2022-01-02 19:39:27,648 - prawcore - DEBUG - Response: 200 (122 bytes)
2022-01-02 19:39:43,805 - prawcore - DEBUG - Fetching: GET https://oauth.reddit.com/message/unread/
2022-01-02 19:39:43,805 - prawcore - DEBUG - Data: None
2022-01-02 19:39:43,805 - prawcore - DEBUG - Params: {'before': None, 'mark': False, 'limit': 93, 'raw_json': 1}
2022-01-02 19:39:43,907 - urllib3.connectionpool - DEBUG - https://oauth.reddit.com:443 "GET /message/unread/?mark=False&limit=93&raw_json=1 HTTP/1.1" 200 122
2022-01-02 19:39:43,908 - prawcore - DEBUG - Response: 200 (122 bytes)
2022-01-02 19:39:59,421 - prawcore - DEBUG - Fetching: GET https://oauth.reddit.com/message/unread/
2022-01-02 19:39:59,421 - prawcore - DEBUG - Data: None
2022-01-02 19:39:59,422 - prawcore - DEBUG - Params: {'before': None, 'mark': False, 'limit': 92, 'raw_json': 1}
2022-01-02 19:39:59,508 - urllib3.connectionpool - DEBUG - https://oauth.reddit.com:443 "GET /message/unread/?mark=False&limit=92&raw_json=1 HTTP/1.1" 200 122
2022-01-02 19:39:59,509 - prawcore - DEBUG - Response: 200 (122 bytes)
2022-01-02 19:40:15,683 - prawcore - DEBUG - Fetching: GET https://oauth.reddit.com/message/unread/
2022-01-02 19:40:15,683 - prawcore - DEBUG - Data: None
2022-01-02 19:40:15,683 - prawcore - DEBUG - Params: {'before': None, 'mark': False, 'limit': 91, 'raw_json': 1}
2022-01-02 19:40:15,826 - urllib3.connectionpool - DEBUG - https://oauth.reddit.com:443 "GET /message/unread/?mark=False&limit=91&raw_json=1 HTTP/1.1" 200 122
2022-01-02 19:40:15,827 - prawcore - DEBUG - Response: 200 (122 bytes)
2022-01-02 19:40:32,151 - prawcore - DEBUG - Fetching: GET https://oauth.reddit.com/message/unread/
2022-01-02 19:40:32,151 - prawcore - DEBUG - Data: None
2022-01-02 19:40:32,151 - prawcore - DEBUG - Params: {'before': None, 'mark': False, 'limit': 90, 'raw_json': 1}
2022-01-02 19:40:32,235 - urllib3.connectionpool - DEBUG - https://oauth.reddit.com:443 "GET /message/unread/?mark=False&limit=90&raw_json=1 HTTP/1.1" 200 122
2022-01-02 19:40:32,235 - prawcore - DEBUG - Response: 200 (122 bytes)
2022-01-02 19:40:48,035 - prawcore - DEBUG - Fetching: GET https://oauth.reddit.com/message/unread/
2022-01-02 19:40:48,035 - prawcore - DEBUG - Data: None
2022-01-02 19:40:48,035 - prawcore - DEBUG - Params: {'before': None, 'mark': False, 'limit': 89, 'raw_json': 1}
2022-01-02 19:40:48,160 - urllib3.connectionpool - DEBUG - https://oauth.reddit.com:443 "GET /message/unread/?mark=False&limit=89&raw_json=1 HTTP/1.1" 200 122
2022-01-02 19:40:48,161 - prawcore - DEBUG - Response: 200 (122 bytes)
2022-01-02 19:41:04,456 - prawcore - DEBUG - Fetching: GET https://oauth.reddit.com/message/unread/
2022-01-02 19:41:04,456 - prawcore - DEBUG - Data: None
2022-01-02 19:41:04,456 - prawcore - DEBUG - Params: {'before': None, 'mark': False, 'limit': 88, 'raw_json': 1}
2022-01-02 19:41:04,559 - urllib3.connectionpool - DEBUG - https://oauth.reddit.com:443 "GET /message/unread/?mark=False&limit=88&raw_json=1 HTTP/1.1" 200 122
2022-01-02 19:41:04,560 - prawcore - DEBUG - Response: 200 (122 bytes)
2022-01-02 19:41:20,800 - prawcore - DEBUG - Fetching: GET https://oauth.reddit.com/message/unread/
2022-01-02 19:41:20,800 - prawcore - DEBUG - Data: None
2022-01-02 19:41:20,800 - prawcore - DEBUG - Params: {'before': None, 'mark': False, 'limit': 87, 'raw_json': 1}
2022-01-02 19:41:20,885 - urllib3.connectionpool - DEBUG - https://oauth.reddit.com:443 "GET /message/unread/?mark=False&limit=87&raw_json=1 HTTP/1.1" 200 122
2022-01-02 19:41:20,886 - prawcore - DEBUG - Response: 200 (122 bytes)
2022-01-02 19:41:37,403 - prawcore - DEBUG - Fetching: GET https://oauth.reddit.com/message/unread/
2022-01-02 19:41:37,403 - prawcore - DEBUG - Data: None
2022-01-02 19:41:37,403 - prawcore - DEBUG - Params: {'before': None, 'mark': False, 'limit': 86, 'raw_json': 1}
2022-01-02 19:41:37,680 - urllib3.connectionpool - DEBUG - https://oauth.reddit.com:443 "GET /message/unread/?mark=False&limit=86&raw_json=1 HTTP/1.1" 200 122
2022-01-02 19:41:37,680 - prawcore - DEBUG - Response: 200 (122 bytes)
2022-01-02 19:41:53,698 - prawcore - DEBUG - Fetching: GET https://oauth.reddit.com/message/unread/
2022-01-02 19:41:53,699 - prawcore - DEBUG - Data: None
2022-01-02 19:41:53,699 - prawcore - DEBUG - Params: {'before': None, 'mark': False, 'limit': 85, 'raw_json': 1}
2022-01-02 19:41:53,829 - urllib3.connectionpool - DEBUG - https://oauth.reddit.com:443 "GET /message/unread/?mark=False&limit=85&raw_json=1 HTTP/1.1" 200 122
2022-01-02 19:41:53,830 - prawcore - DEBUG - Response: 200 (122 bytes)
2022-01-02 19:42:09,964 - prawcore - DEBUG - Fetching: GET https://oauth.reddit.com/message/unread/
2022-01-02 19:42:09,964 - prawcore - DEBUG - Data: None
2022-01-02 19:42:09,965 - prawcore - DEBUG - Params: {'before': None, 'mark': False, 'limit': 84, 'raw_json': 1}
2022-01-02 19:42:10,052 - urllib3.connectionpool - DEBUG - https://oauth.reddit.com:443 "GET /message/unread/?mark=False&limit=84&raw_json=1 HTTP/1.1" 200 122
2022-01-02 19:42:10,053 - prawcore - DEBUG - Response: 200 (122 bytes)
2022-01-02 19:42:25,692 - prawcore - DEBUG - Fetching: GET https://oauth.reddit.com/message/unread/
2022-01-02 19:42:25,692 - prawcore - DEBUG - Data: None
2022-01-02 19:42:25,692 - prawcore - DEBUG - Params: {'before': None, 'mark': False, 'limit': 83, 'raw_json': 1}
2022-01-02 19:42:25,775 - urllib3.connectionpool - DEBUG - https://oauth.reddit.com:443 "GET /message/unread/?mark=False&limit=83&raw_json=1 HTTP/1.1" 200 122
2022-01-02 19:42:25,776 - prawcore - DEBUG - Response: 200 (122 bytes)
2022-01-02 19:42:41,615 - prawcore - DEBUG - Fetching: GET https://oauth.reddit.com/message/unread/
2022-01-02 19:42:41,615 - prawcore - DEBUG - Data: None
2022-01-02 19:42:41,615 - prawcore - DEBUG - Params: {'before': None, 'mark': False, 'limit': 82, 'raw_json': 1}
2022-01-02 19:42:41,702 - urllib3.connectionpool - DEBUG - https://oauth.reddit.com:443 "GET /message/unread/?mark=False&limit=82&raw_json=1 HTTP/1.1" 200 122
2022-01-02 19:42:41,703 - prawcore - DEBUG - Response: 200 (122 bytes)
2022-01-02 19:42:57,888 - prawcore - DEBUG - Fetching: GET https://oauth.reddit.com/message/unread/
2022-01-02 19:42:57,888 - prawcore - DEBUG - Data: None
2022-01-02 19:42:57,888 - prawcore - DEBUG - Params: {'before': None, 'mark': False, 'limit': 81, 'raw_json': 1}
2022-01-02 19:42:57,978 - urllib3.connectionpool - DEBUG - https://oauth.reddit.com:443 "GET /message/unread/?mark=False&limit=81&raw_json=1 HTTP/1.1" 200 122
2022-01-02 19:42:57,979 - prawcore - DEBUG - Response: 200 (122 bytes)
2022-01-02 19:43:13,497 - prawcore - DEBUG - Fetching: GET https://oauth.reddit.com/message/unread/
2022-01-02 19:43:13,497 - prawcore - DEBUG - Data: None
2022-01-02 19:43:13,497 - prawcore - DEBUG - Params: {'before': None, 'mark': False, 'limit': 80, 'raw_json': 1}
2022-01-02 19:43:13,587 - urllib3.connectionpool - DEBUG - https://oauth.reddit.com:443 "GET /message/unread/?mark=False&limit=80&raw_json=1 HTTP/1.1" 200 122
2022-01-02 19:43:13,588 - prawcore - DEBUG - Response: 200 (122 bytes)
2022-01-02 19:43:29,894 - prawcore - DEBUG - Fetching: GET https://oauth.reddit.com/message/unread/
2022-01-02 19:43:29,894 - prawcore - DEBUG - Data: None
2022-01-02 19:43:29,894 - prawcore - DEBUG - Params: {'before': None, 'mark': False, 'limit': 79, 'raw_json': 1}
2022-01-02 19:43:29,986 - urllib3.connectionpool - DEBUG - https://oauth.reddit.com:443 "GET /message/unread/?mark=False&limit=79&raw_json=1 HTTP/1.1" 200 122
2022-01-02 19:43:29,986 - prawcore - DEBUG - Response: 200 (122 bytes)
2022-01-02 19:43:46,248 - prawcore - DEBUG - Fetching: GET https://oauth.reddit.com/message/unread/
2022-01-02 19:43:46,248 - prawcore - DEBUG - Data: None
2022-01-02 19:43:46,248 - prawcore - DEBUG - Params: {'before': None, 'mark': False, 'limit': 78, 'raw_json': 1}
2022-01-02 19:43:46,405 - urllib3.connectionpool - DEBUG - https://oauth.reddit.com:443 "GET /message/unread/?mark=False&limit=78&raw_json=1 HTTP/1.1" 200 122
2022-01-02 19:43:46,407 - prawcore - DEBUG - Response: 200 (122 bytes)
2022-01-02 19:44:02,502 - prawcore - DEBUG - Fetching: GET https://oauth.reddit.com/message/unread/
2022-01-02 19:44:02,502 - prawcore - DEBUG - Data: None
2022-01-02 19:44:02,502 - prawcore - DEBUG - Params: {'before': None, 'mark': False, 'limit': 77, 'raw_json': 1}
2022-01-02 19:44:02,592 - urllib3.connectionpool - DEBUG - https://oauth.reddit.com:443 "GET /message/unread/?mark=False&limit=77&raw_json=1 HTTP/1.1" 200 122
2022-01-02 19:44:02,593 - prawcore - DEBUG - Response: 200 (122 bytes)
